<?xml version="1.0" encoding="UTF-8"?>
<testng-results ignored="0" total="1" passed="1" failed="0" skipped="0">
  <reporter-output>
  </reporter-output>
  <suite started-at="2021-01-15T11:24:46 IST" name="Default suite" finished-at="2021-01-15T11:24:46 IST" duration-ms="447">
    <groups>
    </groups>
    <test started-at="2021-01-15T11:24:46 IST" name="Default test" finished-at="2021-01-15T11:24:46 IST" duration-ms="447">
      <class name="ExtentReport.extentReport">
        <test-method is-config="true" signature="startReport()[pri:0, instance:ExtentReport.extentReport@568ff82]" started-at="2021-01-15T11:24:46 IST" name="startReport" finished-at="2021-01-15T11:24:46 IST" duration-ms="125" status="PASS">
          <reporter-output>
          </reporter-output>
        </test-method> <!-- startReport -->
        <test-method signature="passTest()[pri:0, instance:ExtentReport.extentReport@568ff82]" started-at="2021-01-15T11:24:46 IST" name="passTest" finished-at="2021-01-15T11:24:46 IST" duration-ms="9" status="PASS">
          <reporter-output>
          </reporter-output>
        </test-method> <!-- passTest -->
        <test-method is-config="true" signature="getResult(org.testng.ITestResult)[pri:0, instance:ExtentReport.extentReport@568ff82]" started-at="2021-01-15T11:24:46 IST" name="getResult" finished-at="2021-01-15T11:24:46 IST" duration-ms="2" status="PASS">
          <params>
            <param index="0">
              <value>
                <![CDATA[[TestResult name=passTest status=SUCCESS method=extentReport.passTest()[pri:0, instance:ExtentReport.extentReport@568ff82] output={null}]]]>
              </value>
            </param>
          </params>
          <reporter-output>
          </reporter-output>
        </test-method> <!-- getResult -->
        <test-method is-config="true" signature="endReport()[pri:0, instance:ExtentReport.extentReport@568ff82]" started-at="2021-01-15T11:24:46 IST" name="endReport" finished-at="2021-01-15T11:24:46 IST" duration-ms="284" status="PASS">
          <reporter-output>
          </reporter-output>
        </test-method> <!-- endReport -->
      </class> <!-- ExtentReport.extentReport -->
    </test> <!-- Default test -->
  </suite> <!-- Default suite -->
</testng-results>
